[PID=30035][Tue Mar 28 22:43:13 2017] Error : -196608(eVOLNOTMOUNTED_RDSM) in RDsM_ReadTrain.c:90
[PID=30035][Tue Mar 28 22:43:13 2017] Error : -196608(eVOLNOTMOUNTED_RDSM) in bfm_ReadTrain.c:90
[PID=30035][Tue Mar 28 22:43:13 2017] Error : -196608(eVOLNOTMOUNTED_RDSM) in BfM_GetTrain.c:113
[PID=30035][Tue Mar 28 22:43:13 2017] Error : -196608(eVOLNOTMOUNTED_RDSM) in EduOM_Test.c:562
[PID=30035][Tue Mar 28 22:43:14 2017] Error : -196608(eVOLNOTMOUNTED_RDSM) in RDsM_ReadTrain.c:90
[PID=30035][Tue Mar 28 22:43:14 2017] Error : -196608(eVOLNOTMOUNTED_RDSM) in bfm_ReadTrain.c:90
[PID=30035][Tue Mar 28 22:43:14 2017] Error : -196608(eVOLNOTMOUNTED_RDSM) in BfM_GetTrain.c:113
[PID=30035][Tue Mar 28 22:43:14 2017] Error : -196608(eVOLNOTMOUNTED_RDSM) in EduOM_Test.c:562
[PID=30035][Tue Mar 28 22:43:14 2017] Error : -196608(eVOLNOTMOUNTED_RDSM) in RDsM_ReadTrain.c:90
[PID=30035][Tue Mar 28 22:43:14 2017] Error : -196608(eVOLNOTMOUNTED_RDSM) in bfm_ReadTrain.c:90
[PID=30035][Tue Mar 28 22:43:14 2017] Error : -196608(eVOLNOTMOUNTED_RDSM) in BfM_GetTrain.c:113
[PID=30035][Tue Mar 28 22:43:14 2017] Error : -196608(eVOLNOTMOUNTED_RDSM) in EduOM_Test.c:618
[PID=30035][Tue Mar 28 22:43:14 2017] Error : -196608(eVOLNOTMOUNTED_RDSM) in RDsM_ReadTrain.c:90
[PID=30035][Tue Mar 28 22:43:14 2017] Error : -196608(eVOLNOTMOUNTED_RDSM) in bfm_ReadTrain.c:90
[PID=30035][Tue Mar 28 22:43:14 2017] Error : -196608(eVOLNOTMOUNTED_RDSM) in BfM_GetTrain.c:113
[PID=30035][Tue Mar 28 22:43:14 2017] Error : -196608(eVOLNOTMOUNTED_RDSM) in EduOM_Test.c:562
[PID=30035][Tue Mar 28 22:43:14 2017] Error : -196608(eVOLNOTMOUNTED_RDSM) in RDsM_ReadTrain.c:90
[PID=30035][Tue Mar 28 22:43:14 2017] Error : -196608(eVOLNOTMOUNTED_RDSM) in bfm_ReadTrain.c:90
[PID=30035][Tue Mar 28 22:43:14 2017] Error : -196608(eVOLNOTMOUNTED_RDSM) in BfM_GetTrain.c:113
[PID=30035][Tue Mar 28 22:43:14 2017] Error : -196608(eVOLNOTMOUNTED_RDSM) in EduOM_Test.c:562
[PID=30035][Tue Mar 28 22:43:14 2017] Error : -196608(eVOLNOTMOUNTED_RDSM) in RDsM_ReadTrain.c:90
[PID=30035][Tue Mar 28 22:43:14 2017] Error : -196608(eVOLNOTMOUNTED_RDSM) in bfm_ReadTrain.c:90
[PID=30035][Tue Mar 28 22:43:14 2017] Error : -196608(eVOLNOTMOUNTED_RDSM) in BfM_GetTrain.c:113
[PID=30035][Tue Mar 28 22:43:14 2017] Error : -196608(eVOLNOTMOUNTED_RDSM) in EduOM_Test.c:562
[PID=30035][Tue Mar 28 22:43:15 2017] Error : -196608(eVOLNOTMOUNTED_RDSM) in RDsM_ReadTrain.c:90
[PID=30035][Tue Mar 28 22:43:15 2017] Error : -196608(eVOLNOTMOUNTED_RDSM) in bfm_ReadTrain.c:90
[PID=30035][Tue Mar 28 22:43:15 2017] Error : -196608(eVOLNOTMOUNTED_RDSM) in BfM_GetTrain.c:113
[PID=30035][Tue Mar 28 22:43:15 2017] Error : -196608(eVOLNOTMOUNTED_RDSM) in EduOM_Test.c:665
[PID=30035][Tue Mar 28 22:43:15 2017] Error : -196608(eVOLNOTMOUNTED_RDSM) in RDsM_ReadTrain.c:90
[PID=30035][Tue Mar 28 22:43:15 2017] Error : -196608(eVOLNOTMOUNTED_RDSM) in bfm_ReadTrain.c:90
[PID=30035][Tue Mar 28 22:43:15 2017] Error : -196608(eVOLNOTMOUNTED_RDSM) in BfM_GetTrain.c:113
[PID=30035][Tue Mar 28 22:43:15 2017] Error : -196608(eVOLNOTMOUNTED_RDSM) in EduOM_Test.c:562
[PID=30035][Tue Mar 28 22:43:15 2017] Error : -1(Unix error code) in EduOM_Test.c:272
[PID=30035][Tue Mar 28 22:43:15 2017] Error : -589829(eNOLOGGEDTRANSACTION_RM) in RM_Transaction.c:311
[PID=30035][Tue Mar 28 22:43:15 2017] Error : -589829(eNOLOGGEDTRANSACTION_RM) in SM_Transaction.c:258
[PID=30035][Tue Mar 28 22:43:15 2017] Error : -589829(eNOLOGGEDTRANSACTION_RM) in SM_ThinLayer.c:761
[PID=30035][Tue Mar 28 22:43:15 2017] Error : -589829(eNOLOGGEDTRANSACTION_RM) in LRDS_Transaction.c:133
[PID=30035][Tue Mar 28 22:43:15 2017] Error : -65538(eBADPARAMETER) in Util_heap.c:298
[PID=30035][Tue Mar 28 22:43:15 2017] Error : -65538(eBADPARAMETER) in LRDS_CloseScan.c:107
[PID=30035][Tue Mar 28 22:43:15 2017] Error : -65538(eBADPARAMETER) in LRDS_Transaction.c:90
[PID=30035][Tue Mar 28 22:43:15 2017] Error : -65539(eBADVOLUMEID) in LRDS_Dismount.c:73
[PID=36313][Mon Mar 25 06:50:40 2019] Error : -196608(eVOLNOTMOUNTED_RDSM) in RDsM_ReadTrain.c:90
[PID=36313][Mon Mar 25 06:50:40 2019] Error : -196608(eVOLNOTMOUNTED_RDSM) in bfm_ReadTrain.c:90
[PID=36313][Mon Mar 25 06:50:40 2019] Error : -196608(eVOLNOTMOUNTED_RDSM) in BfM_GetTrain.c:113
[PID=36313][Mon Mar 25 06:50:40 2019] Error : -196608(eVOLNOTMOUNTED_RDSM) in EduOM_Test.c:562
[PID=36313][Mon Mar 25 06:50:48 2019] Error : -196608(eVOLNOTMOUNTED_RDSM) in RDsM_ReadTrain.c:90
[PID=36313][Mon Mar 25 06:50:48 2019] Error : -196608(eVOLNOTMOUNTED_RDSM) in bfm_ReadTrain.c:90
[PID=36313][Mon Mar 25 06:50:48 2019] Error : -196608(eVOLNOTMOUNTED_RDSM) in BfM_GetTrain.c:113
[PID=36313][Mon Mar 25 06:50:48 2019] Error : -196608(eVOLNOTMOUNTED_RDSM) in EduOM_Test.c:562
[PID=36313][Mon Mar 25 06:50:57 2019] Error : -196608(eVOLNOTMOUNTED_RDSM) in RDsM_ReadTrain.c:90
[PID=36313][Mon Mar 25 06:50:57 2019] Error : -196608(eVOLNOTMOUNTED_RDSM) in bfm_ReadTrain.c:90
[PID=36313][Mon Mar 25 06:50:57 2019] Error : -196608(eVOLNOTMOUNTED_RDSM) in BfM_GetTrain.c:113
[PID=36313][Mon Mar 25 06:50:57 2019] Error : -196608(eVOLNOTMOUNTED_RDSM) in EduOM_Test.c:618
[PID=36397][Mon Mar 25 07:00:52 2019] Error : -393217(eBADOBJECTID_OM) in EduOM_CreateObject.c:170
[PID=36397][Mon Mar 25 07:00:52 2019] Error : -196608(eVOLNOTMOUNTED_RDSM) in RDsM_ReadTrain.c:90
[PID=36397][Mon Mar 25 07:00:52 2019] Error : -196608(eVOLNOTMOUNTED_RDSM) in bfm_ReadTrain.c:90
[PID=36397][Mon Mar 25 07:00:52 2019] Error : -196608(eVOLNOTMOUNTED_RDSM) in BfM_GetTrain.c:113
[PID=36397][Mon Mar 25 07:00:52 2019] Error : -196608(eVOLNOTMOUNTED_RDSM) in EduOM_Test.c:562
[PID=36397][Mon Mar 25 07:00:54 2019] Error : -393217(eBADOBJECTID_OM) in EduOM_CreateObject.c:170
[PID=36397][Mon Mar 25 07:00:54 2019] Error : -393217(eBADOBJECTID_OM) in EduOM_CreateObject.c:170
[PID=36397][Mon Mar 25 07:00:54 2019] Error : -393217(eBADOBJECTID_OM) in EduOM_CreateObject.c:170
[PID=36397][Mon Mar 25 07:00:54 2019] Error : -393217(eBADOBJECTID_OM) in EduOM_CreateObject.c:170
[PID=36397][Mon Mar 25 07:00:54 2019] Error : -393217(eBADOBJECTID_OM) in EduOM_CreateObject.c:170
[PID=36397][Mon Mar 25 07:00:54 2019] Error : -393217(eBADOBJECTID_OM) in EduOM_CreateObject.c:170
[PID=36397][Mon Mar 25 07:00:54 2019] Error : -393217(eBADOBJECTID_OM) in EduOM_CreateObject.c:170
[PID=36397][Mon Mar 25 07:00:54 2019] Error : -393217(eBADOBJECTID_OM) in EduOM_CreateObject.c:170
[PID=36397][Mon Mar 25 07:00:54 2019] Error : -393217(eBADOBJECTID_OM) in EduOM_CreateObject.c:170
[PID=36397][Mon Mar 25 07:00:54 2019] Error : -393217(eBADOBJECTID_OM) in EduOM_CreateObject.c:170
[PID=36397][Mon Mar 25 07:00:54 2019] Error : -393217(eBADOBJECTID_OM) in EduOM_CreateObject.c:170
[PID=36397][Mon Mar 25 07:00:54 2019] Error : -393217(eBADOBJECTID_OM) in EduOM_CreateObject.c:170
[PID=36397][Mon Mar 25 07:00:54 2019] Error : -393217(eBADOBJECTID_OM) in EduOM_CreateObject.c:170
[PID=36397][Mon Mar 25 07:00:54 2019] Error : -393217(eBADOBJECTID_OM) in EduOM_CreateObject.c:170
[PID=36397][Mon Mar 25 07:00:54 2019] Error : -393217(eBADOBJECTID_OM) in EduOM_CreateObject.c:170
[PID=36397][Mon Mar 25 07:00:54 2019] Error : -393217(eBADOBJECTID_OM) in EduOM_CreateObject.c:170
[PID=36397][Mon Mar 25 07:00:54 2019] Error : -393217(eBADOBJECTID_OM) in EduOM_CreateObject.c:170
[PID=36397][Mon Mar 25 07:00:54 2019] Error : -393217(eBADOBJECTID_OM) in EduOM_CreateObject.c:170
[PID=36397][Mon Mar 25 07:00:54 2019] Error : -393217(eBADOBJECTID_OM) in EduOM_CreateObject.c:170
[PID=36397][Mon Mar 25 07:00:54 2019] Error : -393217(eBADOBJECTID_OM) in EduOM_CreateObject.c:170
[PID=36397][Mon Mar 25 07:00:54 2019] Error : -393217(eBADOBJECTID_OM) in EduOM_CreateObject.c:170
[PID=36397][Mon Mar 25 07:00:54 2019] Error : -393217(eBADOBJECTID_OM) in EduOM_CreateObject.c:170
[PID=36397][Mon Mar 25 07:00:54 2019] Error : -393217(eBADOBJECTID_OM) in EduOM_CreateObject.c:170
[PID=36397][Mon Mar 25 07:00:54 2019] Error : -393217(eBADOBJECTID_OM) in EduOM_CreateObject.c:170
[PID=36397][Mon Mar 25 07:00:54 2019] Error : -393217(eBADOBJECTID_OM) in EduOM_CreateObject.c:170
[PID=36397][Mon Mar 25 07:00:54 2019] Error : -393217(eBADOBJECTID_OM) in EduOM_CreateObject.c:170
[PID=36397][Mon Mar 25 07:00:54 2019] Error : -393217(eBADOBJECTID_OM) in EduOM_CreateObject.c:170
[PID=36397][Mon Mar 25 07:00:54 2019] Error : -393217(eBADOBJECTID_OM) in EduOM_CreateObject.c:170
[PID=36397][Mon Mar 25 07:00:54 2019] Error : -393217(eBADOBJECTID_OM) in EduOM_CreateObject.c:170
[PID=36397][Mon Mar 25 07:00:54 2019] Error : -393217(eBADOBJECTID_OM) in EduOM_CreateObject.c:170
[PID=36397][Mon Mar 25 07:00:54 2019] Error : -393217(eBADOBJECTID_OM) in EduOM_CreateObject.c:170
[PID=36397][Mon Mar 25 07:00:54 2019] Error : -393217(eBADOBJECTID_OM) in EduOM_CreateObject.c:170
[PID=36397][Mon Mar 25 07:00:54 2019] Error : -393217(eBADOBJECTID_OM) in EduOM_CreateObject.c:170
[PID=36397][Mon Mar 25 07:00:54 2019] Error : -393217(eBADOBJECTID_OM) in EduOM_CreateObject.c:170
[PID=36397][Mon Mar 25 07:00:54 2019] Error : -393217(eBADOBJECTID_OM) in EduOM_CreateObject.c:170
[PID=36397][Mon Mar 25 07:00:54 2019] Error : -393217(eBADOBJECTID_OM) in EduOM_CreateObject.c:170
[PID=36397][Mon Mar 25 07:00:54 2019] Error : -393217(eBADOBJECTID_OM) in EduOM_CreateObject.c:170
[PID=36397][Mon Mar 25 07:00:54 2019] Error : -393217(eBADOBJECTID_OM) in EduOM_CreateObject.c:170
[PID=36397][Mon Mar 25 07:00:54 2019] Error : -393217(eBADOBJECTID_OM) in EduOM_CreateObject.c:170
[PID=36397][Mon Mar 25 07:00:54 2019] Error : -393217(eBADOBJECTID_OM) in EduOM_CreateObject.c:170
[PID=36397][Mon Mar 25 07:00:54 2019] Error : -393217(eBADOBJECTID_OM) in EduOM_CreateObject.c:170
[PID=36397][Mon Mar 25 07:00:54 2019] Error : -393217(eBADOBJECTID_OM) in EduOM_CreateObject.c:170
[PID=36397][Mon Mar 25 07:00:54 2019] Error : -393217(eBADOBJECTID_OM) in EduOM_CreateObject.c:170
[PID=36397][Mon Mar 25 07:00:54 2019] Error : -393217(eBADOBJECTID_OM) in EduOM_CreateObject.c:170
[PID=36397][Mon Mar 25 07:00:54 2019] Error : -393217(eBADOBJECTID_OM) in EduOM_CreateObject.c:170
[PID=36397][Mon Mar 25 07:00:54 2019] Error : -393217(eBADOBJECTID_OM) in EduOM_CreateObject.c:170
[PID=36397][Mon Mar 25 07:00:54 2019] Error : -393217(eBADOBJECTID_OM) in EduOM_CreateObject.c:170
[PID=36397][Mon Mar 25 07:00:54 2019] Error : -393217(eBADOBJECTID_OM) in EduOM_CreateObject.c:170
[PID=36397][Mon Mar 25 07:00:54 2019] Error : -393217(eBADOBJECTID_OM) in EduOM_CreateObject.c:170
[PID=36397][Mon Mar 25 07:00:54 2019] Error : -393217(eBADOBJECTID_OM) in EduOM_CreateObject.c:170
[PID=36397][Mon Mar 25 07:00:54 2019] Error : -393217(eBADOBJECTID_OM) in EduOM_CreateObject.c:170
[PID=36397][Mon Mar 25 07:00:54 2019] Error : -393217(eBADOBJECTID_OM) in EduOM_CreateObject.c:170
[PID=36397][Mon Mar 25 07:00:54 2019] Error : -393217(eBADOBJECTID_OM) in EduOM_CreateObject.c:170
[PID=36397][Mon Mar 25 07:00:54 2019] Error : -393217(eBADOBJECTID_OM) in EduOM_CreateObject.c:170
[PID=36397][Mon Mar 25 07:00:54 2019] Error : -393217(eBADOBJECTID_OM) in EduOM_CreateObject.c:170
[PID=36397][Mon Mar 25 07:00:54 2019] Error : -393217(eBADOBJECTID_OM) in EduOM_CreateObject.c:170
[PID=36397][Mon Mar 25 07:00:54 2019] Error : -393217(eBADOBJECTID_OM) in EduOM_CreateObject.c:170
[PID=36397][Mon Mar 25 07:00:54 2019] Error : -393217(eBADOBJECTID_OM) in EduOM_CreateObject.c:170
[PID=36397][Mon Mar 25 07:00:54 2019] Error : -393217(eBADOBJECTID_OM) in EduOM_CreateObject.c:170
[PID=36397][Mon Mar 25 07:00:54 2019] Error : -393217(eBADOBJECTID_OM) in EduOM_CreateObject.c:170
[PID=36397][Mon Mar 25 07:00:54 2019] Error : -393217(eBADOBJECTID_OM) in EduOM_CreateObject.c:170
[PID=36397][Mon Mar 25 07:00:54 2019] Error : -393217(eBADOBJECTID_OM) in EduOM_CreateObject.c:170
[PID=36397][Mon Mar 25 07:00:54 2019] Error : -393217(eBADOBJECTID_OM) in EduOM_CreateObject.c:170
[PID=36397][Mon Mar 25 07:00:54 2019] Error : -393217(eBADOBJECTID_OM) in EduOM_CreateObject.c:170
[PID=36397][Mon Mar 25 07:00:54 2019] Error : -393217(eBADOBJECTID_OM) in EduOM_CreateObject.c:170
[PID=36397][Mon Mar 25 07:00:54 2019] Error : -393217(eBADOBJECTID_OM) in EduOM_CreateObject.c:170
[PID=36397][Mon Mar 25 07:00:54 2019] Error : -393217(eBADOBJECTID_OM) in EduOM_CreateObject.c:170
[PID=36397][Mon Mar 25 07:00:54 2019] Error : -393217(eBADOBJECTID_OM) in EduOM_CreateObject.c:170
[PID=36397][Mon Mar 25 07:00:54 2019] Error : -393217(eBADOBJECTID_OM) in EduOM_CreateObject.c:170
[PID=36397][Mon Mar 25 07:00:54 2019] Error : -393217(eBADOBJECTID_OM) in EduOM_CreateObject.c:170
[PID=36397][Mon Mar 25 07:00:54 2019] Error : -393217(eBADOBJECTID_OM) in EduOM_CreateObject.c:170
[PID=36397][Mon Mar 25 07:00:54 2019] Error : -393217(eBADOBJECTID_OM) in EduOM_CreateObject.c:170
[PID=36397][Mon Mar 25 07:00:54 2019] Error : -393217(eBADOBJECTID_OM) in EduOM_CreateObject.c:170
[PID=36397][Mon Mar 25 07:00:54 2019] Error : -393217(eBADOBJECTID_OM) in EduOM_CreateObject.c:170
[PID=36397][Mon Mar 25 07:00:54 2019] Error : -393217(eBADOBJECTID_OM) in EduOM_CreateObject.c:170
[PID=36397][Mon Mar 25 07:00:54 2019] Error : -393217(eBADOBJECTID_OM) in EduOM_CreateObject.c:170
[PID=36397][Mon Mar 25 07:00:54 2019] Error : -393217(eBADOBJECTID_OM) in EduOM_CreateObject.c:170
[PID=36397][Mon Mar 25 07:00:54 2019] Error : -393217(eBADOBJECTID_OM) in EduOM_CreateObject.c:170
[PID=36397][Mon Mar 25 07:00:54 2019] Error : -393217(eBADOBJECTID_OM) in EduOM_CreateObject.c:170
[PID=36397][Mon Mar 25 07:00:54 2019] Error : -393217(eBADOBJECTID_OM) in EduOM_CreateObject.c:170
[PID=36397][Mon Mar 25 07:00:54 2019] Error : -393217(eBADOBJECTID_OM) in EduOM_CreateObject.c:170
[PID=36397][Mon Mar 25 07:00:54 2019] Error : -393217(eBADOBJECTID_OM) in EduOM_CreateObject.c:170
[PID=36397][Mon Mar 25 07:00:54 2019] Error : -393217(eBADOBJECTID_OM) in EduOM_CreateObject.c:170
[PID=36397][Mon Mar 25 07:00:55 2019] Error : -196608(eVOLNOTMOUNTED_RDSM) in RDsM_ReadTrain.c:90
[PID=36397][Mon Mar 25 07:00:55 2019] Error : -196608(eVOLNOTMOUNTED_RDSM) in bfm_ReadTrain.c:90
[PID=36397][Mon Mar 25 07:00:55 2019] Error : -196608(eVOLNOTMOUNTED_RDSM) in BfM_GetTrain.c:113
[PID=36397][Mon Mar 25 07:00:55 2019] Error : -196608(eVOLNOTMOUNTED_RDSM) in EduOM_Test.c:562
[PID=36397][Mon Mar 25 07:00:56 2019] Error : -393217(eBADOBJECTID_OM) in EduOM_CreateObject.c:170
[PID=36397][Mon Mar 25 07:00:56 2019] Error : -393217(eBADOBJECTID_OM) in EduOM_CreateObject.c:170
[PID=36397][Mon Mar 25 07:00:56 2019] Error : -393217(eBADOBJECTID_OM) in EduOM_CreateObject.c:170
[PID=36397][Mon Mar 25 07:00:56 2019] Error : -393217(eBADOBJECTID_OM) in EduOM_CreateObject.c:170
[PID=36397][Mon Mar 25 07:00:56 2019] Error : -393217(eBADOBJECTID_OM) in EduOM_CreateObject.c:170
[PID=36397][Mon Mar 25 07:00:56 2019] Error : -393217(eBADOBJECTID_OM) in EduOM_CreateObject.c:170
[PID=36397][Mon Mar 25 07:00:56 2019] Error : -393217(eBADOBJECTID_OM) in EduOM_CreateObject.c:170
[PID=36397][Mon Mar 25 07:00:56 2019] Error : -393217(eBADOBJECTID_OM) in EduOM_CreateObject.c:170
[PID=36397][Mon Mar 25 07:00:56 2019] Error : -393217(eBADOBJECTID_OM) in EduOM_CreateObject.c:170
[PID=36397][Mon Mar 25 07:00:56 2019] Error : -393217(eBADOBJECTID_OM) in EduOM_CreateObject.c:170
[PID=36397][Mon Mar 25 07:00:56 2019] Error : -393217(eBADOBJECTID_OM) in EduOM_CreateObject.c:170
[PID=36397][Mon Mar 25 07:00:56 2019] Error : -393217(eBADOBJECTID_OM) in EduOM_CreateObject.c:170
[PID=36397][Mon Mar 25 07:00:56 2019] Error : -393217(eBADOBJECTID_OM) in EduOM_CreateObject.c:170
[PID=36397][Mon Mar 25 07:00:56 2019] Error : -393217(eBADOBJECTID_OM) in EduOM_CreateObject.c:170
[PID=36397][Mon Mar 25 07:00:56 2019] Error : -393217(eBADOBJECTID_OM) in EduOM_CreateObject.c:170
[PID=36397][Mon Mar 25 07:00:56 2019] Error : -393217(eBADOBJECTID_OM) in EduOM_CreateObject.c:170
[PID=36397][Mon Mar 25 07:00:56 2019] Error : -393217(eBADOBJECTID_OM) in EduOM_CreateObject.c:170
[PID=36397][Mon Mar 25 07:00:56 2019] Error : -393217(eBADOBJECTID_OM) in EduOM_CreateObject.c:170
[PID=36397][Mon Mar 25 07:00:56 2019] Error : -393217(eBADOBJECTID_OM) in EduOM_CreateObject.c:170
[PID=36397][Mon Mar 25 07:00:56 2019] Error : -393217(eBADOBJECTID_OM) in EduOM_CreateObject.c:170
[PID=36397][Mon Mar 25 07:00:56 2019] Error : -393217(eBADOBJECTID_OM) in EduOM_CreateObject.c:170
[PID=36397][Mon Mar 25 07:00:56 2019] Error : -393217(eBADOBJECTID_OM) in EduOM_CreateObject.c:170
[PID=36397][Mon Mar 25 07:00:56 2019] Error : -393217(eBADOBJECTID_OM) in EduOM_CreateObject.c:170
[PID=36397][Mon Mar 25 07:00:56 2019] Error : -393217(eBADOBJECTID_OM) in EduOM_CreateObject.c:170
[PID=36397][Mon Mar 25 07:00:56 2019] Error : -393217(eBADOBJECTID_OM) in EduOM_CreateObject.c:170
[PID=36397][Mon Mar 25 07:00:56 2019] Error : -393217(eBADOBJECTID_OM) in EduOM_CreateObject.c:170
[PID=36397][Mon Mar 25 07:00:56 2019] Error : -393217(eBADOBJECTID_OM) in EduOM_CreateObject.c:170
[PID=36397][Mon Mar 25 07:00:56 2019] Error : -393217(eBADOBJECTID_OM) in EduOM_CreateObject.c:170
[PID=36397][Mon Mar 25 07:00:56 2019] Error : -393217(eBADOBJECTID_OM) in EduOM_CreateObject.c:170
[PID=36397][Mon Mar 25 07:00:56 2019] Error : -393217(eBADOBJECTID_OM) in EduOM_CreateObject.c:170
[PID=36397][Mon Mar 25 07:00:56 2019] Error : -393217(eBADOBJECTID_OM) in EduOM_CreateObject.c:170
[PID=36397][Mon Mar 25 07:00:56 2019] Error : -393217(eBADOBJECTID_OM) in EduOM_CreateObject.c:170
[PID=36397][Mon Mar 25 07:00:56 2019] Error : -393217(eBADOBJECTID_OM) in EduOM_CreateObject.c:170
[PID=36397][Mon Mar 25 07:00:56 2019] Error : -393217(eBADOBJECTID_OM) in EduOM_CreateObject.c:170
[PID=36397][Mon Mar 25 07:00:56 2019] Error : -393217(eBADOBJECTID_OM) in EduOM_CreateObject.c:170
[PID=36397][Mon Mar 25 07:00:56 2019] Error : -393217(eBADOBJECTID_OM) in EduOM_CreateObject.c:170
[PID=36397][Mon Mar 25 07:00:56 2019] Error : -393217(eBADOBJECTID_OM) in EduOM_CreateObject.c:170
[PID=36397][Mon Mar 25 07:00:56 2019] Error : -393217(eBADOBJECTID_OM) in EduOM_CreateObject.c:170
[PID=36397][Mon Mar 25 07:00:56 2019] Error : -393217(eBADOBJECTID_OM) in EduOM_CreateObject.c:170
[PID=36397][Mon Mar 25 07:00:56 2019] Error : -393217(eBADOBJECTID_OM) in EduOM_CreateObject.c:170
[PID=36397][Mon Mar 25 07:00:56 2019] Error : -393217(eBADOBJECTID_OM) in EduOM_CreateObject.c:170
[PID=36397][Mon Mar 25 07:00:56 2019] Error : -393217(eBADOBJECTID_OM) in EduOM_CreateObject.c:170
[PID=36397][Mon Mar 25 07:00:56 2019] Error : -393217(eBADOBJECTID_OM) in EduOM_CreateObject.c:170
[PID=36397][Mon Mar 25 07:00:56 2019] Error : -393217(eBADOBJECTID_OM) in EduOM_CreateObject.c:170
[PID=36397][Mon Mar 25 07:00:56 2019] Error : -393217(eBADOBJECTID_OM) in EduOM_CreateObject.c:170
[PID=36397][Mon Mar 25 07:00:56 2019] Error : -393217(eBADOBJECTID_OM) in EduOM_CreateObject.c:170
[PID=36397][Mon Mar 25 07:00:56 2019] Error : -393217(eBADOBJECTID_OM) in EduOM_CreateObject.c:170
[PID=36397][Mon Mar 25 07:00:56 2019] Error : -393217(eBADOBJECTID_OM) in EduOM_CreateObject.c:170
[PID=36397][Mon Mar 25 07:00:56 2019] Error : -393217(eBADOBJECTID_OM) in EduOM_CreateObject.c:170
[PID=36397][Mon Mar 25 07:00:56 2019] Error : -393217(eBADOBJECTID_OM) in EduOM_CreateObject.c:170
[PID=36397][Mon Mar 25 07:00:56 2019] Error : -393217(eBADOBJECTID_OM) in EduOM_CreateObject.c:170
[PID=36397][Mon Mar 25 07:00:56 2019] Error : -393217(eBADOBJECTID_OM) in EduOM_CreateObject.c:170
[PID=36397][Mon Mar 25 07:00:56 2019] Error : -393217(eBADOBJECTID_OM) in EduOM_CreateObject.c:170
[PID=36397][Mon Mar 25 07:00:56 2019] Error : -393217(eBADOBJECTID_OM) in EduOM_CreateObject.c:170
[PID=36397][Mon Mar 25 07:00:56 2019] Error : -393217(eBADOBJECTID_OM) in EduOM_CreateObject.c:170
[PID=36397][Mon Mar 25 07:00:56 2019] Error : -393217(eBADOBJECTID_OM) in EduOM_CreateObject.c:170
[PID=36397][Mon Mar 25 07:00:56 2019] Error : -393217(eBADOBJECTID_OM) in EduOM_CreateObject.c:170
[PID=36397][Mon Mar 25 07:00:56 2019] Error : -393217(eBADOBJECTID_OM) in EduOM_CreateObject.c:170
[PID=36397][Mon Mar 25 07:00:56 2019] Error : -393217(eBADOBJECTID_OM) in EduOM_CreateObject.c:170
[PID=36397][Mon Mar 25 07:00:56 2019] Error : -393217(eBADOBJECTID_OM) in EduOM_CreateObject.c:170
[PID=36397][Mon Mar 25 07:00:56 2019] Error : -393217(eBADOBJECTID_OM) in EduOM_CreateObject.c:170
[PID=36397][Mon Mar 25 07:00:56 2019] Error : -393217(eBADOBJECTID_OM) in EduOM_CreateObject.c:170
[PID=36397][Mon Mar 25 07:00:56 2019] Error : -393217(eBADOBJECTID_OM) in EduOM_CreateObject.c:170
[PID=36397][Mon Mar 25 07:00:56 2019] Error : -393217(eBADOBJECTID_OM) in EduOM_CreateObject.c:170
[PID=36397][Mon Mar 25 07:00:56 2019] Error : -393217(eBADOBJECTID_OM) in EduOM_CreateObject.c:170
[PID=36397][Mon Mar 25 07:00:56 2019] Error : -393217(eBADOBJECTID_OM) in EduOM_CreateObject.c:170
[PID=36397][Mon Mar 25 07:00:56 2019] Error : -393217(eBADOBJECTID_OM) in EduOM_CreateObject.c:170
[PID=36397][Mon Mar 25 07:00:56 2019] Error : -393217(eBADOBJECTID_OM) in EduOM_CreateObject.c:170
[PID=36397][Mon Mar 25 07:00:56 2019] Error : -393217(eBADOBJECTID_OM) in EduOM_CreateObject.c:170
[PID=36397][Mon Mar 25 07:00:56 2019] Error : -393217(eBADOBJECTID_OM) in EduOM_CreateObject.c:170
[PID=36397][Mon Mar 25 07:00:56 2019] Error : -393217(eBADOBJECTID_OM) in EduOM_CreateObject.c:170
[PID=36397][Mon Mar 25 07:00:56 2019] Error : -393217(eBADOBJECTID_OM) in EduOM_CreateObject.c:170
[PID=36397][Mon Mar 25 07:00:56 2019] Error : -393217(eBADOBJECTID_OM) in EduOM_CreateObject.c:170
[PID=36397][Mon Mar 25 07:00:56 2019] Error : -393217(eBADOBJECTID_OM) in EduOM_CreateObject.c:170
[PID=36397][Mon Mar 25 07:00:56 2019] Error : -393217(eBADOBJECTID_OM) in EduOM_CreateObject.c:170
[PID=36397][Mon Mar 25 07:00:56 2019] Error : -393217(eBADOBJECTID_OM) in EduOM_CreateObject.c:170
[PID=36397][Mon Mar 25 07:00:56 2019] Error : -393217(eBADOBJECTID_OM) in EduOM_CreateObject.c:170
[PID=36397][Mon Mar 25 07:00:56 2019] Error : -393217(eBADOBJECTID_OM) in EduOM_CreateObject.c:170
[PID=36397][Mon Mar 25 07:00:56 2019] Error : -393217(eBADOBJECTID_OM) in EduOM_CreateObject.c:170
[PID=36397][Mon Mar 25 07:00:56 2019] Error : -393217(eBADOBJECTID_OM) in EduOM_CreateObject.c:170
[PID=36397][Mon Mar 25 07:00:56 2019] Error : -393217(eBADOBJECTID_OM) in EduOM_CreateObject.c:170
[PID=36397][Mon Mar 25 07:00:56 2019] Error : -393217(eBADOBJECTID_OM) in EduOM_CreateObject.c:170
[PID=36397][Mon Mar 25 07:00:56 2019] Error : -393217(eBADOBJECTID_OM) in EduOM_CreateObject.c:170
[PID=36397][Mon Mar 25 07:00:56 2019] Error : -393217(eBADOBJECTID_OM) in EduOM_CreateObject.c:170
[PID=36397][Mon Mar 25 07:00:56 2019] Error : -393217(eBADOBJECTID_OM) in EduOM_CreateObject.c:170
[PID=36397][Mon Mar 25 07:00:56 2019] Error : -393217(eBADOBJECTID_OM) in EduOM_CreateObject.c:170
[PID=36438][Mon Mar 25 07:03:09 2019] Error : -393217(eBADOBJECTID_OM) in EduOM_CreateObject.c:171
[PID=36438][Mon Mar 25 07:03:09 2019] Error : -393217(eBADOBJECTID_OM) in EduOM_CreateObject.c:108
[PID=36438][Mon Mar 25 07:03:09 2019] Error : -393217(eBADOBJECTID_OM) in EduOM_Test.c:100
[PID=36438][Mon Mar 25 07:03:09 2019] Error : -589829(eNOLOGGEDTRANSACTION_RM) in RM_Transaction.c:311
[PID=36438][Mon Mar 25 07:03:09 2019] Error : -589829(eNOLOGGEDTRANSACTION_RM) in SM_Transaction.c:258
[PID=36438][Mon Mar 25 07:03:09 2019] Error : -589829(eNOLOGGEDTRANSACTION_RM) in SM_ThinLayer.c:761
[PID=36438][Mon Mar 25 07:03:09 2019] Error : -589829(eNOLOGGEDTRANSACTION_RM) in LRDS_Transaction.c:133
[PID=36438][Mon Mar 25 07:03:09 2019] Error : -65538(eBADPARAMETER) in Util_heap.c:298
[PID=36438][Mon Mar 25 07:03:09 2019] Error : -65538(eBADPARAMETER) in LRDS_CloseScan.c:107
[PID=36438][Mon Mar 25 07:03:09 2019] Error : -65538(eBADPARAMETER) in LRDS_Transaction.c:90
[PID=36438][Mon Mar 25 07:03:09 2019] Error : -65539(eBADVOLUMEID) in LRDS_Dismount.c:73
[PID=36476][Mon Mar 25 07:03:26 2019] Error : -393217(eBADOBJECTID_OM) in EduOM_CreateObject.c:171
[PID=36476][Mon Mar 25 07:03:26 2019] Error : -393217(eBADOBJECTID_OM) in EduOM_CreateObject.c:108
[PID=36476][Mon Mar 25 07:03:26 2019] Error : -393217(eBADOBJECTID_OM) in EduOM_Test.c:100
[PID=36476][Mon Mar 25 07:03:26 2019] Error : -589829(eNOLOGGEDTRANSACTION_RM) in RM_Transaction.c:311
[PID=36476][Mon Mar 25 07:03:26 2019] Error : -589829(eNOLOGGEDTRANSACTION_RM) in SM_Transaction.c:258
[PID=36476][Mon Mar 25 07:03:26 2019] Error : -589829(eNOLOGGEDTRANSACTION_RM) in SM_ThinLayer.c:761
[PID=36476][Mon Mar 25 07:03:26 2019] Error : -589829(eNOLOGGEDTRANSACTION_RM) in LRDS_Transaction.c:133
[PID=36476][Mon Mar 25 07:03:26 2019] Error : -65538(eBADPARAMETER) in Util_heap.c:298
[PID=36476][Mon Mar 25 07:03:26 2019] Error : -65538(eBADPARAMETER) in LRDS_CloseScan.c:107
[PID=36476][Mon Mar 25 07:03:26 2019] Error : -65538(eBADPARAMETER) in LRDS_Transaction.c:90
[PID=36476][Mon Mar 25 07:03:26 2019] Error : -65539(eBADVOLUMEID) in LRDS_Dismount.c:73
[PID=37197][Mon Mar 25 07:31:07 2019] Error : -393217(eBADOBJECTID_OM) in EduOM_CreateObject.c:171
[PID=37197][Mon Mar 25 07:31:07 2019] Error : -393217(eBADOBJECTID_OM) in EduOM_CreateObject.c:108
[PID=37197][Mon Mar 25 07:31:07 2019] Error : -393217(eBADOBJECTID_OM) in EduOM_Test.c:100
[PID=37197][Mon Mar 25 07:31:07 2019] Error : -589829(eNOLOGGEDTRANSACTION_RM) in RM_Transaction.c:311
[PID=37197][Mon Mar 25 07:31:07 2019] Error : -589829(eNOLOGGEDTRANSACTION_RM) in SM_Transaction.c:258
[PID=37197][Mon Mar 25 07:31:07 2019] Error : -589829(eNOLOGGEDTRANSACTION_RM) in SM_ThinLayer.c:761
[PID=37197][Mon Mar 25 07:31:07 2019] Error : -589829(eNOLOGGEDTRANSACTION_RM) in LRDS_Transaction.c:133
[PID=37197][Mon Mar 25 07:31:07 2019] Error : -65538(eBADPARAMETER) in Util_heap.c:298
[PID=37197][Mon Mar 25 07:31:07 2019] Error : -65538(eBADPARAMETER) in LRDS_CloseScan.c:107
[PID=37197][Mon Mar 25 07:31:07 2019] Error : -65538(eBADPARAMETER) in LRDS_Transaction.c:90
[PID=37197][Mon Mar 25 07:31:07 2019] Error : -65539(eBADVOLUMEID) in LRDS_Dismount.c:73
[PID=37363][Mon Mar 25 07:44:18 2019] Error : -196608(eVOLNOTMOUNTED_RDSM) in RDsM_ReadTrain.c:90
[PID=37363][Mon Mar 25 07:44:18 2019] Error : -196608(eVOLNOTMOUNTED_RDSM) in bfm_ReadTrain.c:90
[PID=37363][Mon Mar 25 07:44:18 2019] Error : -196608(eVOLNOTMOUNTED_RDSM) in BfM_GetTrain.c:113
[PID=37363][Mon Mar 25 07:44:18 2019] Error : -196608(eVOLNOTMOUNTED_RDSM) in EduOM_Test.c:562
[PID=37363][Mon Mar 25 07:44:21 2019] Error : -196608(eVOLNOTMOUNTED_RDSM) in RDsM_ReadTrain.c:90
[PID=37363][Mon Mar 25 07:44:21 2019] Error : -196608(eVOLNOTMOUNTED_RDSM) in bfm_ReadTrain.c:90
[PID=37363][Mon Mar 25 07:44:21 2019] Error : -196608(eVOLNOTMOUNTED_RDSM) in BfM_GetTrain.c:113
[PID=37363][Mon Mar 25 07:44:21 2019] Error : -196608(eVOLNOTMOUNTED_RDSM) in EduOM_CreateObject.c:197
[PID=37363][Mon Mar 25 07:44:21 2019] Error : -196608(eVOLNOTMOUNTED_RDSM) in EduOM_CreateObject.c:115
[PID=37363][Mon Mar 25 07:44:21 2019] Error : -196608(eVOLNOTMOUNTED_RDSM) in EduOM_Test.c:119
[PID=37363][Mon Mar 25 07:44:21 2019] Error : -589829(eNOLOGGEDTRANSACTION_RM) in RM_Transaction.c:311
[PID=37363][Mon Mar 25 07:44:21 2019] Error : -589829(eNOLOGGEDTRANSACTION_RM) in SM_Transaction.c:258
[PID=37363][Mon Mar 25 07:44:21 2019] Error : -589829(eNOLOGGEDTRANSACTION_RM) in SM_ThinLayer.c:761
[PID=37363][Mon Mar 25 07:44:21 2019] Error : -589829(eNOLOGGEDTRANSACTION_RM) in LRDS_Transaction.c:133
[PID=37363][Mon Mar 25 07:44:21 2019] Error : -65538(eBADPARAMETER) in Util_heap.c:298
[PID=37363][Mon Mar 25 07:44:21 2019] Error : -65538(eBADPARAMETER) in LRDS_CloseScan.c:107
[PID=37363][Mon Mar 25 07:44:21 2019] Error : -65538(eBADPARAMETER) in LRDS_Transaction.c:90
[PID=37363][Mon Mar 25 07:44:21 2019] Error : -65539(eBADVOLUMEID) in LRDS_Dismount.c:73
[PID=37403][Mon Mar 25 07:47:05 2019] Error : -196608(eVOLNOTMOUNTED_RDSM) in RDsM_ReadTrain.c:90
[PID=37403][Mon Mar 25 07:47:05 2019] Error : -196608(eVOLNOTMOUNTED_RDSM) in bfm_ReadTrain.c:90
[PID=37403][Mon Mar 25 07:47:05 2019] Error : -196608(eVOLNOTMOUNTED_RDSM) in BfM_GetTrain.c:113
[PID=37403][Mon Mar 25 07:47:05 2019] Error : -196608(eVOLNOTMOUNTED_RDSM) in EduOM_Test.c:562
[PID=37403][Mon Mar 25 07:47:06 2019] Error : -196608(eVOLNOTMOUNTED_RDSM) in RDsM_ReadTrain.c:90
[PID=37403][Mon Mar 25 07:47:06 2019] Error : -196608(eVOLNOTMOUNTED_RDSM) in bfm_ReadTrain.c:90
[PID=37403][Mon Mar 25 07:47:06 2019] Error : -196608(eVOLNOTMOUNTED_RDSM) in BfM_GetTrain.c:113
[PID=37403][Mon Mar 25 07:47:06 2019] Error : -196608(eVOLNOTMOUNTED_RDSM) in EduOM_CreateObject.c:197
[PID=37403][Mon Mar 25 07:47:06 2019] Error : -196608(eVOLNOTMOUNTED_RDSM) in EduOM_CreateObject.c:115
[PID=37403][Mon Mar 25 07:47:06 2019] Error : -196608(eVOLNOTMOUNTED_RDSM) in EduOM_Test.c:119
[PID=37403][Mon Mar 25 07:47:06 2019] Error : -589829(eNOLOGGEDTRANSACTION_RM) in RM_Transaction.c:311
[PID=37403][Mon Mar 25 07:47:06 2019] Error : -589829(eNOLOGGEDTRANSACTION_RM) in SM_Transaction.c:258
[PID=37403][Mon Mar 25 07:47:06 2019] Error : -589829(eNOLOGGEDTRANSACTION_RM) in SM_ThinLayer.c:761
[PID=37403][Mon Mar 25 07:47:06 2019] Error : -589829(eNOLOGGEDTRANSACTION_RM) in LRDS_Transaction.c:133
[PID=37403][Mon Mar 25 07:47:06 2019] Error : -65538(eBADPARAMETER) in Util_heap.c:298
[PID=37403][Mon Mar 25 07:47:06 2019] Error : -65538(eBADPARAMETER) in LRDS_CloseScan.c:107
[PID=37403][Mon Mar 25 07:47:06 2019] Error : -65538(eBADPARAMETER) in LRDS_Transaction.c:90
[PID=37403][Mon Mar 25 07:47:06 2019] Error : -65539(eBADVOLUMEID) in LRDS_Dismount.c:73
[PID=37568][Mon Mar 25 07:55:12 2019] Error : -196608(eVOLNOTMOUNTED_RDSM) in RDsM_ReadTrain.c:90
[PID=37568][Mon Mar 25 07:55:12 2019] Error : -196608(eVOLNOTMOUNTED_RDSM) in bfm_ReadTrain.c:90
[PID=37568][Mon Mar 25 07:55:12 2019] Error : -196608(eVOLNOTMOUNTED_RDSM) in BfM_GetTrain.c:113
[PID=37568][Mon Mar 25 07:55:12 2019] Error : -196608(eVOLNOTMOUNTED_RDSM) in EduOM_Test.c:562
[PID=37568][Mon Mar 25 07:55:13 2019] Error : -196608(eVOLNOTMOUNTED_RDSM) in RDsM_ReadTrain.c:90
[PID=37568][Mon Mar 25 07:55:13 2019] Error : -196608(eVOLNOTMOUNTED_RDSM) in bfm_ReadTrain.c:90
[PID=37568][Mon Mar 25 07:55:13 2019] Error : -196608(eVOLNOTMOUNTED_RDSM) in BfM_GetTrain.c:113
[PID=37568][Mon Mar 25 07:55:13 2019] Error : -196608(eVOLNOTMOUNTED_RDSM) in EduOM_CreateObject.c:201
[PID=37568][Mon Mar 25 07:55:13 2019] Error : -196608(eVOLNOTMOUNTED_RDSM) in EduOM_CreateObject.c:115
[PID=37568][Mon Mar 25 07:55:13 2019] Error : -196608(eVOLNOTMOUNTED_RDSM) in EduOM_Test.c:119
[PID=37568][Mon Mar 25 07:55:13 2019] Error : -589829(eNOLOGGEDTRANSACTION_RM) in RM_Transaction.c:311
[PID=37568][Mon Mar 25 07:55:13 2019] Error : -589829(eNOLOGGEDTRANSACTION_RM) in SM_Transaction.c:258
[PID=37568][Mon Mar 25 07:55:13 2019] Error : -589829(eNOLOGGEDTRANSACTION_RM) in SM_ThinLayer.c:761
[PID=37568][Mon Mar 25 07:55:13 2019] Error : -589829(eNOLOGGEDTRANSACTION_RM) in LRDS_Transaction.c:133
[PID=37568][Mon Mar 25 07:55:13 2019] Error : -65538(eBADPARAMETER) in Util_heap.c:298
[PID=37568][Mon Mar 25 07:55:13 2019] Error : -65538(eBADPARAMETER) in LRDS_CloseScan.c:107
[PID=37568][Mon Mar 25 07:55:13 2019] Error : -65538(eBADPARAMETER) in LRDS_Transaction.c:90
[PID=37568][Mon Mar 25 07:55:13 2019] Error : -65539(eBADVOLUMEID) in LRDS_Dismount.c:73
[PID=37695][Mon Mar 25 08:15:16 2019] Error : -196608(eVOLNOTMOUNTED_RDSM) in RDsM_ReadTrain.c:90
[PID=37695][Mon Mar 25 08:15:16 2019] Error : -196608(eVOLNOTMOUNTED_RDSM) in bfm_ReadTrain.c:90
[PID=37695][Mon Mar 25 08:15:16 2019] Error : -196608(eVOLNOTMOUNTED_RDSM) in BfM_GetTrain.c:113
[PID=37695][Mon Mar 25 08:15:16 2019] Error : -196608(eVOLNOTMOUNTED_RDSM) in EduOM_Test.c:562
[PID=37695][Mon Mar 25 08:15:18 2019] Error : -196608(eVOLNOTMOUNTED_RDSM) in RDsM_ReadTrain.c:90
[PID=37695][Mon Mar 25 08:15:18 2019] Error : -196608(eVOLNOTMOUNTED_RDSM) in bfm_ReadTrain.c:90
[PID=37695][Mon Mar 25 08:15:18 2019] Error : -196608(eVOLNOTMOUNTED_RDSM) in BfM_GetTrain.c:113
[PID=37695][Mon Mar 25 08:15:18 2019] Error : -196608(eVOLNOTMOUNTED_RDSM) in EduOM_CreateObject.c:201
[PID=37695][Mon Mar 25 08:15:18 2019] Error : -196608(eVOLNOTMOUNTED_RDSM) in EduOM_CreateObject.c:115
[PID=37695][Mon Mar 25 08:15:18 2019] Error : -196608(eVOLNOTMOUNTED_RDSM) in EduOM_Test.c:119
[PID=37695][Mon Mar 25 08:15:18 2019] Error : -589829(eNOLOGGEDTRANSACTION_RM) in RM_Transaction.c:311
[PID=37695][Mon Mar 25 08:15:18 2019] Error : -589829(eNOLOGGEDTRANSACTION_RM) in SM_Transaction.c:258
[PID=37695][Mon Mar 25 08:15:18 2019] Error : -589829(eNOLOGGEDTRANSACTION_RM) in SM_ThinLayer.c:761
[PID=37695][Mon Mar 25 08:15:18 2019] Error : -589829(eNOLOGGEDTRANSACTION_RM) in LRDS_Transaction.c:133
[PID=37695][Mon Mar 25 08:15:18 2019] Error : -65538(eBADPARAMETER) in Util_heap.c:298
[PID=37695][Mon Mar 25 08:15:18 2019] Error : -65538(eBADPARAMETER) in LRDS_CloseScan.c:107
[PID=37695][Mon Mar 25 08:15:18 2019] Error : -65538(eBADPARAMETER) in LRDS_Transaction.c:90
[PID=37695][Mon Mar 25 08:15:18 2019] Error : -65539(eBADVOLUMEID) in LRDS_Dismount.c:73
[PID=37731][Mon Mar 25 08:15:41 2019] Error : -196608(eVOLNOTMOUNTED_RDSM) in RDsM_ReadTrain.c:90
[PID=37731][Mon Mar 25 08:15:41 2019] Error : -196608(eVOLNOTMOUNTED_RDSM) in bfm_ReadTrain.c:90
[PID=37731][Mon Mar 25 08:15:41 2019] Error : -196608(eVOLNOTMOUNTED_RDSM) in BfM_GetTrain.c:113
[PID=37731][Mon Mar 25 08:15:41 2019] Error : -196608(eVOLNOTMOUNTED_RDSM) in EduOM_Test.c:562
[PID=37731][Mon Mar 25 08:15:44 2019] Error : -196608(eVOLNOTMOUNTED_RDSM) in RDsM_ReadTrain.c:90
[PID=37731][Mon Mar 25 08:15:44 2019] Error : -196608(eVOLNOTMOUNTED_RDSM) in bfm_ReadTrain.c:90
[PID=37731][Mon Mar 25 08:15:44 2019] Error : -196608(eVOLNOTMOUNTED_RDSM) in BfM_GetTrain.c:113
[PID=37731][Mon Mar 25 08:15:44 2019] Error : -196608(eVOLNOTMOUNTED_RDSM) in EduOM_CreateObject.c:201
[PID=37731][Mon Mar 25 08:15:44 2019] Error : -196608(eVOLNOTMOUNTED_RDSM) in EduOM_CreateObject.c:115
[PID=37731][Mon Mar 25 08:15:44 2019] Error : -196608(eVOLNOTMOUNTED_RDSM) in EduOM_Test.c:119
[PID=37731][Mon Mar 25 08:15:44 2019] Error : -589829(eNOLOGGEDTRANSACTION_RM) in RM_Transaction.c:311
[PID=37731][Mon Mar 25 08:15:44 2019] Error : -589829(eNOLOGGEDTRANSACTION_RM) in SM_Transaction.c:258
[PID=37731][Mon Mar 25 08:15:44 2019] Error : -589829(eNOLOGGEDTRANSACTION_RM) in SM_ThinLayer.c:761
[PID=37731][Mon Mar 25 08:15:44 2019] Error : -589829(eNOLOGGEDTRANSACTION_RM) in LRDS_Transaction.c:133
[PID=37731][Mon Mar 25 08:15:44 2019] Error : -65538(eBADPARAMETER) in Util_heap.c:298
[PID=37731][Mon Mar 25 08:15:44 2019] Error : -65538(eBADPARAMETER) in LRDS_CloseScan.c:107
[PID=37731][Mon Mar 25 08:15:44 2019] Error : -65538(eBADPARAMETER) in LRDS_Transaction.c:90
[PID=37731][Mon Mar 25 08:15:44 2019] Error : -65539(eBADVOLUMEID) in LRDS_Dismount.c:73
[PID=37767][Mon Mar 25 08:15:59 2019] Error : -196608(eVOLNOTMOUNTED_RDSM) in RDsM_ReadTrain.c:90
[PID=37767][Mon Mar 25 08:15:59 2019] Error : -196608(eVOLNOTMOUNTED_RDSM) in bfm_ReadTrain.c:90
[PID=37767][Mon Mar 25 08:15:59 2019] Error : -196608(eVOLNOTMOUNTED_RDSM) in BfM_GetTrain.c:113
[PID=37767][Mon Mar 25 08:15:59 2019] Error : -196608(eVOLNOTMOUNTED_RDSM) in EduOM_Test.c:562
[PID=37819][Mon Mar 25 08:16:20 2019] Error : -196608(eVOLNOTMOUNTED_RDSM) in RDsM_ReadTrain.c:90
[PID=37819][Mon Mar 25 08:16:20 2019] Error : -196608(eVOLNOTMOUNTED_RDSM) in bfm_ReadTrain.c:90
[PID=37819][Mon Mar 25 08:16:20 2019] Error : -196608(eVOLNOTMOUNTED_RDSM) in BfM_GetTrain.c:113
[PID=37819][Mon Mar 25 08:16:20 2019] Error : -196608(eVOLNOTMOUNTED_RDSM) in EduOM_Test.c:562
[PID=37833][Mon Mar 25 08:17:06 2019] Error : -196608(eVOLNOTMOUNTED_RDSM) in RDsM_ReadTrain.c:90
[PID=37833][Mon Mar 25 08:17:06 2019] Error : -196608(eVOLNOTMOUNTED_RDSM) in bfm_ReadTrain.c:90
[PID=37833][Mon Mar 25 08:17:06 2019] Error : -196608(eVOLNOTMOUNTED_RDSM) in BfM_GetTrain.c:113
[PID=37833][Mon Mar 25 08:17:06 2019] Error : -196608(eVOLNOTMOUNTED_RDSM) in EduOM_Test.c:562
[PID=40367][Mon Mar 25 15:10:52 2019] Error : -196618(eINVALIDPID_RDSM) in RDsM_ReadTrain.c:103
[PID=40367][Mon Mar 25 15:10:52 2019] Error : -196618(eINVALIDPID_RDSM) in bfm_ReadTrain.c:90
[PID=40367][Mon Mar 25 15:10:52 2019] Error : -196618(eINVALIDPID_RDSM) in BfM_GetTrain.c:113
[PID=40367][Mon Mar 25 15:10:52 2019] Error : -196618(eINVALIDPID_RDSM) in om_AvailSpaceList.c:269
[PID=40367][Mon Mar 25 15:10:52 2019] Error : -196618(eINVALIDPID_RDSM) in EduOM_CreateObject.c:276
[PID=40367][Mon Mar 25 15:10:52 2019] Error : -196618(eINVALIDPID_RDSM) in EduOM_CreateObject.c:115
[PID=40367][Mon Mar 25 15:10:52 2019] Error : -196618(eINVALIDPID_RDSM) in EduOM_Test.c:100
[PID=40367][Mon Mar 25 15:10:52 2019] Error : -589829(eNOLOGGEDTRANSACTION_RM) in RM_Transaction.c:311
[PID=40367][Mon Mar 25 15:10:52 2019] Error : -589829(eNOLOGGEDTRANSACTION_RM) in SM_Transaction.c:258
[PID=40367][Mon Mar 25 15:10:52 2019] Error : -589829(eNOLOGGEDTRANSACTION_RM) in SM_ThinLayer.c:761
[PID=40367][Mon Mar 25 15:10:52 2019] Error : -589829(eNOLOGGEDTRANSACTION_RM) in LRDS_Transaction.c:133
[PID=40367][Mon Mar 25 15:10:52 2019] Error : -65538(eBADPARAMETER) in Util_heap.c:298
[PID=40367][Mon Mar 25 15:10:52 2019] Error : -65538(eBADPARAMETER) in LRDS_CloseScan.c:107
[PID=40367][Mon Mar 25 15:10:52 2019] Error : -65538(eBADPARAMETER) in LRDS_Transaction.c:90
[PID=40367][Mon Mar 25 15:10:52 2019] Error : -65539(eBADVOLUMEID) in LRDS_Dismount.c:73
[PID=46861][Tue Mar 26 02:02:08 2019] Error : -262150(eNOTFOUND_BFM) in BfM_FreeTrain.c:80
[PID=46861][Tue Mar 26 02:02:08 2019] Error : -262150(eNOTFOUND_BFM) in EduOM_DestroyObject.c:166
[PID=46861][Tue Mar 26 02:02:08 2019] Error : -262150(eNOTFOUND_BFM) in BfM_FreeTrain.c:80
[PID=46861][Tue Mar 26 02:02:08 2019] Error : -262150(eNOTFOUND_BFM) in EduOM_DestroyObject.c:166
[PID=46861][Tue Mar 26 02:02:08 2019] Error : -262150(eNOTFOUND_BFM) in BfM_FreeTrain.c:80
[PID=46861][Tue Mar 26 02:02:08 2019] Error : -262150(eNOTFOUND_BFM) in EduOM_DestroyObject.c:166
[PID=46861][Tue Mar 26 02:02:08 2019] Error : -262150(eNOTFOUND_BFM) in BfM_FreeTrain.c:80
[PID=46861][Tue Mar 26 02:02:08 2019] Error : -262150(eNOTFOUND_BFM) in EduOM_DestroyObject.c:166
[PID=46861][Tue Mar 26 02:02:08 2019] Error : -262150(eNOTFOUND_BFM) in BfM_FreeTrain.c:80
[PID=46861][Tue Mar 26 02:02:08 2019] Error : -262150(eNOTFOUND_BFM) in EduOM_DestroyObject.c:166
[PID=46861][Tue Mar 26 02:02:08 2019] Error : -262150(eNOTFOUND_BFM) in BfM_FreeTrain.c:80
[PID=46861][Tue Mar 26 02:02:08 2019] Error : -262150(eNOTFOUND_BFM) in EduOM_DestroyObject.c:166
[PID=46861][Tue Mar 26 02:02:08 2019] Error : -262150(eNOTFOUND_BFM) in BfM_FreeTrain.c:80
[PID=46861][Tue Mar 26 02:02:08 2019] Error : -262150(eNOTFOUND_BFM) in EduOM_DestroyObject.c:166
[PID=46861][Tue Mar 26 02:02:08 2019] Error : -262150(eNOTFOUND_BFM) in BfM_FreeTrain.c:80
[PID=46861][Tue Mar 26 02:02:08 2019] Error : -262150(eNOTFOUND_BFM) in EduOM_DestroyObject.c:166
[PID=46861][Tue Mar 26 02:02:08 2019] Error : -262150(eNOTFOUND_BFM) in BfM_FreeTrain.c:80
[PID=46861][Tue Mar 26 02:02:08 2019] Error : -262150(eNOTFOUND_BFM) in EduOM_DestroyObject.c:166
[PID=46861][Tue Mar 26 02:02:08 2019] Error : -262150(eNOTFOUND_BFM) in BfM_FreeTrain.c:80
[PID=46861][Tue Mar 26 02:02:08 2019] Error : -262150(eNOTFOUND_BFM) in EduOM_DestroyObject.c:166
[PID=46861][Tue Mar 26 02:02:08 2019] Error : -262150(eNOTFOUND_BFM) in BfM_FreeTrain.c:80
[PID=46861][Tue Mar 26 02:02:08 2019] Error : -262150(eNOTFOUND_BFM) in EduOM_DestroyObject.c:166
[PID=46861][Tue Mar 26 02:02:08 2019] Error : -262150(eNOTFOUND_BFM) in EduOM_Test.c:196
[PID=46861][Tue Mar 26 02:02:08 2019] Error : -589829(eNOLOGGEDTRANSACTION_RM) in RM_Transaction.c:311
[PID=46861][Tue Mar 26 02:02:08 2019] Error : -589829(eNOLOGGEDTRANSACTION_RM) in SM_Transaction.c:258
[PID=46861][Tue Mar 26 02:02:08 2019] Error : -589829(eNOLOGGEDTRANSACTION_RM) in SM_ThinLayer.c:761
[PID=46861][Tue Mar 26 02:02:08 2019] Error : -589829(eNOLOGGEDTRANSACTION_RM) in LRDS_Transaction.c:133
[PID=46861][Tue Mar 26 02:02:08 2019] Error : -65538(eBADPARAMETER) in Util_heap.c:298
[PID=46861][Tue Mar 26 02:02:08 2019] Error : -65538(eBADPARAMETER) in LRDS_CloseScan.c:107
[PID=46861][Tue Mar 26 02:02:08 2019] Error : -65538(eBADPARAMETER) in LRDS_Transaction.c:90
[PID=46861][Tue Mar 26 02:02:08 2019] Error : -65539(eBADVOLUMEID) in LRDS_Dismount.c:73
[PID=46875][Tue Mar 26 02:02:42 2019] Error : -262150(eNOTFOUND_BFM) in BfM_FreeTrain.c:80
[PID=46875][Tue Mar 26 02:02:42 2019] Error : -262150(eNOTFOUND_BFM) in EduOM_DestroyObject.c:167
[PID=46875][Tue Mar 26 02:02:42 2019] Error : -262150(eNOTFOUND_BFM) in BfM_FreeTrain.c:80
[PID=46875][Tue Mar 26 02:02:42 2019] Error : -262150(eNOTFOUND_BFM) in EduOM_DestroyObject.c:167
[PID=46875][Tue Mar 26 02:02:42 2019] Error : -262150(eNOTFOUND_BFM) in BfM_FreeTrain.c:80
[PID=46875][Tue Mar 26 02:02:42 2019] Error : -262150(eNOTFOUND_BFM) in EduOM_DestroyObject.c:167
[PID=46875][Tue Mar 26 02:02:42 2019] Error : -262150(eNOTFOUND_BFM) in BfM_FreeTrain.c:80
[PID=46875][Tue Mar 26 02:02:42 2019] Error : -262150(eNOTFOUND_BFM) in EduOM_DestroyObject.c:167
[PID=46875][Tue Mar 26 02:02:42 2019] Error : -262150(eNOTFOUND_BFM) in BfM_FreeTrain.c:80
[PID=46875][Tue Mar 26 02:02:42 2019] Error : -262150(eNOTFOUND_BFM) in EduOM_DestroyObject.c:167
[PID=46875][Tue Mar 26 02:02:42 2019] Error : -262150(eNOTFOUND_BFM) in BfM_FreeTrain.c:80
[PID=46875][Tue Mar 26 02:02:42 2019] Error : -262150(eNOTFOUND_BFM) in EduOM_DestroyObject.c:167
[PID=46875][Tue Mar 26 02:02:42 2019] Error : -262150(eNOTFOUND_BFM) in BfM_FreeTrain.c:80
[PID=46875][Tue Mar 26 02:02:42 2019] Error : -262150(eNOTFOUND_BFM) in EduOM_DestroyObject.c:167
[PID=46875][Tue Mar 26 02:02:42 2019] Error : -262150(eNOTFOUND_BFM) in BfM_FreeTrain.c:80
[PID=46875][Tue Mar 26 02:02:42 2019] Error : -262150(eNOTFOUND_BFM) in EduOM_DestroyObject.c:167
[PID=46875][Tue Mar 26 02:02:42 2019] Error : -262150(eNOTFOUND_BFM) in BfM_FreeTrain.c:80
[PID=46875][Tue Mar 26 02:02:42 2019] Error : -262150(eNOTFOUND_BFM) in EduOM_DestroyObject.c:167
[PID=46875][Tue Mar 26 02:02:42 2019] Error : -262150(eNOTFOUND_BFM) in BfM_FreeTrain.c:80
[PID=46875][Tue Mar 26 02:02:42 2019] Error : -262150(eNOTFOUND_BFM) in EduOM_DestroyObject.c:167
[PID=46886][Tue Mar 26 02:03:01 2019] Error : -262150(eNOTFOUND_BFM) in BfM_FreeTrain.c:80
[PID=46886][Tue Mar 26 02:03:01 2019] Error : -262150(eNOTFOUND_BFM) in EduOM_DestroyObject.c:166
[PID=46886][Tue Mar 26 02:03:01 2019] Error : -262150(eNOTFOUND_BFM) in BfM_FreeTrain.c:80
[PID=46886][Tue Mar 26 02:03:01 2019] Error : -262150(eNOTFOUND_BFM) in EduOM_DestroyObject.c:166
[PID=46886][Tue Mar 26 02:03:01 2019] Error : -262150(eNOTFOUND_BFM) in BfM_FreeTrain.c:80
[PID=46886][Tue Mar 26 02:03:01 2019] Error : -262150(eNOTFOUND_BFM) in EduOM_DestroyObject.c:166
[PID=46886][Tue Mar 26 02:03:01 2019] Error : -262150(eNOTFOUND_BFM) in BfM_FreeTrain.c:80
[PID=46886][Tue Mar 26 02:03:01 2019] Error : -262150(eNOTFOUND_BFM) in EduOM_DestroyObject.c:166
[PID=46886][Tue Mar 26 02:03:01 2019] Error : -262150(eNOTFOUND_BFM) in BfM_FreeTrain.c:80
[PID=46886][Tue Mar 26 02:03:01 2019] Error : -262150(eNOTFOUND_BFM) in EduOM_DestroyObject.c:166
[PID=46886][Tue Mar 26 02:03:01 2019] Error : -262150(eNOTFOUND_BFM) in BfM_FreeTrain.c:80
[PID=46886][Tue Mar 26 02:03:01 2019] Error : -262150(eNOTFOUND_BFM) in EduOM_DestroyObject.c:166
[PID=46886][Tue Mar 26 02:03:01 2019] Error : -262150(eNOTFOUND_BFM) in BfM_FreeTrain.c:80
[PID=46886][Tue Mar 26 02:03:01 2019] Error : -262150(eNOTFOUND_BFM) in EduOM_DestroyObject.c:166
[PID=46886][Tue Mar 26 02:03:01 2019] Error : -262150(eNOTFOUND_BFM) in BfM_FreeTrain.c:80
[PID=46886][Tue Mar 26 02:03:01 2019] Error : -262150(eNOTFOUND_BFM) in EduOM_DestroyObject.c:166
[PID=46886][Tue Mar 26 02:03:01 2019] Error : -262150(eNOTFOUND_BFM) in BfM_FreeTrain.c:80
[PID=46886][Tue Mar 26 02:03:01 2019] Error : -262150(eNOTFOUND_BFM) in EduOM_DestroyObject.c:166
[PID=46886][Tue Mar 26 02:03:01 2019] Error : -262150(eNOTFOUND_BFM) in BfM_FreeTrain.c:80
[PID=46886][Tue Mar 26 02:03:01 2019] Error : -262150(eNOTFOUND_BFM) in EduOM_DestroyObject.c:166
[PID=46891][Tue Mar 26 02:04:13 2019] Error : -262150(eNOTFOUND_BFM) in BfM_FreeTrain.c:80
[PID=46891][Tue Mar 26 02:04:13 2019] Error : -262150(eNOTFOUND_BFM) in EduOM_DestroyObject.c:166
[PID=46891][Tue Mar 26 02:04:13 2019] Error : -262150(eNOTFOUND_BFM) in BfM_FreeTrain.c:80
[PID=46891][Tue Mar 26 02:04:13 2019] Error : -262150(eNOTFOUND_BFM) in EduOM_DestroyObject.c:166
[PID=46891][Tue Mar 26 02:04:13 2019] Error : -262150(eNOTFOUND_BFM) in BfM_FreeTrain.c:80
[PID=46891][Tue Mar 26 02:04:13 2019] Error : -262150(eNOTFOUND_BFM) in EduOM_DestroyObject.c:166
[PID=46891][Tue Mar 26 02:04:13 2019] Error : -262150(eNOTFOUND_BFM) in BfM_FreeTrain.c:80
[PID=46891][Tue Mar 26 02:04:13 2019] Error : -262150(eNOTFOUND_BFM) in EduOM_DestroyObject.c:166
[PID=46891][Tue Mar 26 02:04:13 2019] Error : -262150(eNOTFOUND_BFM) in BfM_FreeTrain.c:80
[PID=46891][Tue Mar 26 02:04:13 2019] Error : -262150(eNOTFOUND_BFM) in EduOM_DestroyObject.c:166
[PID=46891][Tue Mar 26 02:04:13 2019] Error : -262150(eNOTFOUND_BFM) in BfM_FreeTrain.c:80
[PID=46891][Tue Mar 26 02:04:13 2019] Error : -262150(eNOTFOUND_BFM) in EduOM_DestroyObject.c:166
[PID=46891][Tue Mar 26 02:04:13 2019] Error : -262150(eNOTFOUND_BFM) in BfM_FreeTrain.c:80
[PID=46891][Tue Mar 26 02:04:13 2019] Error : -262150(eNOTFOUND_BFM) in EduOM_DestroyObject.c:166
[PID=46891][Tue Mar 26 02:04:13 2019] Error : -262150(eNOTFOUND_BFM) in BfM_FreeTrain.c:80
[PID=46891][Tue Mar 26 02:04:13 2019] Error : -262150(eNOTFOUND_BFM) in EduOM_DestroyObject.c:166
[PID=46891][Tue Mar 26 02:04:13 2019] Error : -262150(eNOTFOUND_BFM) in BfM_FreeTrain.c:80
[PID=46891][Tue Mar 26 02:04:13 2019] Error : -262150(eNOTFOUND_BFM) in EduOM_DestroyObject.c:166
[PID=46891][Tue Mar 26 02:04:13 2019] Error : -262150(eNOTFOUND_BFM) in BfM_FreeTrain.c:80
[PID=46891][Tue Mar 26 02:04:13 2019] Error : -262150(eNOTFOUND_BFM) in EduOM_DestroyObject.c:166
[PID=46891][Tue Mar 26 02:04:40 2019] Error : -262150(eNOTFOUND_BFM) in BfM_FreeTrain.c:80
[PID=46891][Tue Mar 26 02:04:40 2019] Error : -262150(eNOTFOUND_BFM) in EduOM_DestroyObject.c:166
[PID=46891][Tue Mar 26 02:04:40 2019] Error : -262150(eNOTFOUND_BFM) in EduOM_Test.c:196
[PID=46891][Tue Mar 26 02:04:40 2019] Error : -589829(eNOLOGGEDTRANSACTION_RM) in RM_Transaction.c:311
[PID=46891][Tue Mar 26 02:04:40 2019] Error : -589829(eNOLOGGEDTRANSACTION_RM) in SM_Transaction.c:258
[PID=46891][Tue Mar 26 02:04:40 2019] Error : -589829(eNOLOGGEDTRANSACTION_RM) in SM_ThinLayer.c:761
[PID=46891][Tue Mar 26 02:04:40 2019] Error : -589829(eNOLOGGEDTRANSACTION_RM) in LRDS_Transaction.c:133
[PID=46891][Tue Mar 26 02:04:40 2019] Error : -65538(eBADPARAMETER) in Util_heap.c:298
[PID=46891][Tue Mar 26 02:04:40 2019] Error : -65538(eBADPARAMETER) in LRDS_CloseScan.c:107
[PID=46891][Tue Mar 26 02:04:40 2019] Error : -65538(eBADPARAMETER) in LRDS_Transaction.c:90
[PID=46891][Tue Mar 26 02:04:40 2019] Error : -65539(eBADVOLUMEID) in LRDS_Dismount.c:73
[PID=46983][Tue Mar 26 02:07:11 2019] Error : -262150(eNOTFOUND_BFM) in BfM_FreeTrain.c:80
[PID=46983][Tue Mar 26 02:07:11 2019] Error : -262150(eNOTFOUND_BFM) in EduOM_DestroyObject.c:166
[PID=46983][Tue Mar 26 02:07:11 2019] Error : -262150(eNOTFOUND_BFM) in BfM_FreeTrain.c:80
[PID=46983][Tue Mar 26 02:07:11 2019] Error : -262150(eNOTFOUND_BFM) in EduOM_DestroyObject.c:166
[PID=46983][Tue Mar 26 02:07:11 2019] Error : -262150(eNOTFOUND_BFM) in BfM_FreeTrain.c:80
[PID=46983][Tue Mar 26 02:07:11 2019] Error : -262150(eNOTFOUND_BFM) in EduOM_DestroyObject.c:166
[PID=46983][Tue Mar 26 02:07:11 2019] Error : -262150(eNOTFOUND_BFM) in BfM_FreeTrain.c:80
[PID=46983][Tue Mar 26 02:07:11 2019] Error : -262150(eNOTFOUND_BFM) in EduOM_DestroyObject.c:166
[PID=46983][Tue Mar 26 02:07:11 2019] Error : -262150(eNOTFOUND_BFM) in BfM_FreeTrain.c:80
[PID=46983][Tue Mar 26 02:07:11 2019] Error : -262150(eNOTFOUND_BFM) in EduOM_DestroyObject.c:166
[PID=46983][Tue Mar 26 02:07:11 2019] Error : -262150(eNOTFOUND_BFM) in BfM_FreeTrain.c:80
[PID=46983][Tue Mar 26 02:07:11 2019] Error : -262150(eNOTFOUND_BFM) in EduOM_DestroyObject.c:166
[PID=46983][Tue Mar 26 02:07:11 2019] Error : -262150(eNOTFOUND_BFM) in BfM_FreeTrain.c:80
[PID=46983][Tue Mar 26 02:07:11 2019] Error : -262150(eNOTFOUND_BFM) in EduOM_DestroyObject.c:166
[PID=46983][Tue Mar 26 02:07:11 2019] Error : -262150(eNOTFOUND_BFM) in BfM_FreeTrain.c:80
[PID=46983][Tue Mar 26 02:07:11 2019] Error : -262150(eNOTFOUND_BFM) in EduOM_DestroyObject.c:166
[PID=46983][Tue Mar 26 02:07:11 2019] Error : -262150(eNOTFOUND_BFM) in BfM_FreeTrain.c:80
[PID=46983][Tue Mar 26 02:07:11 2019] Error : -262150(eNOTFOUND_BFM) in EduOM_DestroyObject.c:166
[PID=46983][Tue Mar 26 02:07:11 2019] Error : -262150(eNOTFOUND_BFM) in BfM_FreeTrain.c:80
[PID=46983][Tue Mar 26 02:07:11 2019] Error : -262150(eNOTFOUND_BFM) in EduOM_DestroyObject.c:166
[PID=46983][Tue Mar 26 02:07:17 2019] Error : -262150(eNOTFOUND_BFM) in BfM_FreeTrain.c:80
[PID=46983][Tue Mar 26 02:07:17 2019] Error : -262150(eNOTFOUND_BFM) in EduOM_DestroyObject.c:166
[PID=46983][Tue Mar 26 02:07:17 2019] Error : -262150(eNOTFOUND_BFM) in EduOM_Test.c:196
[PID=46983][Tue Mar 26 02:07:17 2019] Error : -589829(eNOLOGGEDTRANSACTION_RM) in RM_Transaction.c:311
[PID=46983][Tue Mar 26 02:07:17 2019] Error : -589829(eNOLOGGEDTRANSACTION_RM) in SM_Transaction.c:258
[PID=46983][Tue Mar 26 02:07:17 2019] Error : -589829(eNOLOGGEDTRANSACTION_RM) in SM_ThinLayer.c:761
[PID=46983][Tue Mar 26 02:07:17 2019] Error : -589829(eNOLOGGEDTRANSACTION_RM) in LRDS_Transaction.c:133
[PID=46983][Tue Mar 26 02:07:17 2019] Error : -65538(eBADPARAMETER) in Util_heap.c:298
[PID=46983][Tue Mar 26 02:07:17 2019] Error : -65538(eBADPARAMETER) in LRDS_CloseScan.c:107
[PID=46983][Tue Mar 26 02:07:17 2019] Error : -65538(eBADPARAMETER) in LRDS_Transaction.c:90
[PID=46983][Tue Mar 26 02:07:17 2019] Error : -65539(eBADVOLUMEID) in LRDS_Dismount.c:73
[PID=47070][Tue Mar 26 02:11:52 2019] Error : -262150(eNOTFOUND_BFM) in BfM_FreeTrain.c:80
[PID=47070][Tue Mar 26 02:11:52 2019] Error : -262150(eNOTFOUND_BFM) in EduOM_DestroyObject.c:167
[PID=47070][Tue Mar 26 02:11:52 2019] Error : -262150(eNOTFOUND_BFM) in BfM_FreeTrain.c:80
[PID=47070][Tue Mar 26 02:11:52 2019] Error : -262150(eNOTFOUND_BFM) in EduOM_DestroyObject.c:167
[PID=47070][Tue Mar 26 02:11:52 2019] Error : -262150(eNOTFOUND_BFM) in BfM_FreeTrain.c:80
[PID=47070][Tue Mar 26 02:11:52 2019] Error : -262150(eNOTFOUND_BFM) in EduOM_DestroyObject.c:167
[PID=47070][Tue Mar 26 02:11:52 2019] Error : -262150(eNOTFOUND_BFM) in BfM_FreeTrain.c:80
[PID=47070][Tue Mar 26 02:11:52 2019] Error : -262150(eNOTFOUND_BFM) in EduOM_DestroyObject.c:167
[PID=47070][Tue Mar 26 02:11:52 2019] Error : -262150(eNOTFOUND_BFM) in BfM_FreeTrain.c:80
[PID=47070][Tue Mar 26 02:11:52 2019] Error : -262150(eNOTFOUND_BFM) in EduOM_DestroyObject.c:167
[PID=47070][Tue Mar 26 02:11:52 2019] Error : -262150(eNOTFOUND_BFM) in BfM_FreeTrain.c:80
[PID=47070][Tue Mar 26 02:11:52 2019] Error : -262150(eNOTFOUND_BFM) in EduOM_DestroyObject.c:167
[PID=47070][Tue Mar 26 02:11:52 2019] Error : -262150(eNOTFOUND_BFM) in BfM_FreeTrain.c:80
[PID=47070][Tue Mar 26 02:11:52 2019] Error : -262150(eNOTFOUND_BFM) in EduOM_DestroyObject.c:167
[PID=47070][Tue Mar 26 02:11:52 2019] Error : -262150(eNOTFOUND_BFM) in BfM_FreeTrain.c:80
[PID=47070][Tue Mar 26 02:11:52 2019] Error : -262150(eNOTFOUND_BFM) in EduOM_DestroyObject.c:167
[PID=47070][Tue Mar 26 02:11:52 2019] Error : -262150(eNOTFOUND_BFM) in BfM_FreeTrain.c:80
[PID=47070][Tue Mar 26 02:11:52 2019] Error : -262150(eNOTFOUND_BFM) in EduOM_DestroyObject.c:167
[PID=47070][Tue Mar 26 02:11:52 2019] Error : -262150(eNOTFOUND_BFM) in BfM_FreeTrain.c:80
[PID=47070][Tue Mar 26 02:11:52 2019] Error : -262150(eNOTFOUND_BFM) in EduOM_DestroyObject.c:167
[PID=47070][Tue Mar 26 02:12:10 2019] Error : -262150(eNOTFOUND_BFM) in BfM_FreeTrain.c:80
[PID=47070][Tue Mar 26 02:12:10 2019] Error : -262150(eNOTFOUND_BFM) in EduOM_DestroyObject.c:167
[PID=47070][Tue Mar 26 02:12:10 2019] Error : -262150(eNOTFOUND_BFM) in EduOM_Test.c:196
[PID=47070][Tue Mar 26 02:12:10 2019] Error : -589829(eNOLOGGEDTRANSACTION_RM) in RM_Transaction.c:311
[PID=47070][Tue Mar 26 02:12:10 2019] Error : -589829(eNOLOGGEDTRANSACTION_RM) in SM_Transaction.c:258
[PID=47070][Tue Mar 26 02:12:10 2019] Error : -589829(eNOLOGGEDTRANSACTION_RM) in SM_ThinLayer.c:761
[PID=47070][Tue Mar 26 02:12:10 2019] Error : -589829(eNOLOGGEDTRANSACTION_RM) in LRDS_Transaction.c:133
[PID=47070][Tue Mar 26 02:12:10 2019] Error : -65538(eBADPARAMETER) in Util_heap.c:298
[PID=47070][Tue Mar 26 02:12:10 2019] Error : -65538(eBADPARAMETER) in LRDS_CloseScan.c:107
[PID=47070][Tue Mar 26 02:12:10 2019] Error : -65538(eBADPARAMETER) in LRDS_Transaction.c:90
[PID=47070][Tue Mar 26 02:12:10 2019] Error : -65539(eBADVOLUMEID) in LRDS_Dismount.c:73
[PID=47083][Tue Mar 26 02:13:06 2019] Error : -262150(eNOTFOUND_BFM) in BfM_FreeTrain.c:80
[PID=47083][Tue Mar 26 02:13:06 2019] Error : -262150(eNOTFOUND_BFM) in EduOM_DestroyObject.c:167
[PID=47083][Tue Mar 26 02:13:06 2019] Error : -262150(eNOTFOUND_BFM) in BfM_FreeTrain.c:80
[PID=47083][Tue Mar 26 02:13:06 2019] Error : -262150(eNOTFOUND_BFM) in EduOM_DestroyObject.c:167
[PID=47083][Tue Mar 26 02:13:06 2019] Error : -262150(eNOTFOUND_BFM) in BfM_FreeTrain.c:80
[PID=47083][Tue Mar 26 02:13:06 2019] Error : -262150(eNOTFOUND_BFM) in EduOM_DestroyObject.c:167
[PID=47083][Tue Mar 26 02:13:06 2019] Error : -262150(eNOTFOUND_BFM) in BfM_FreeTrain.c:80
[PID=47083][Tue Mar 26 02:13:06 2019] Error : -262150(eNOTFOUND_BFM) in EduOM_DestroyObject.c:167
[PID=47083][Tue Mar 26 02:13:06 2019] Error : -262150(eNOTFOUND_BFM) in BfM_FreeTrain.c:80
[PID=47083][Tue Mar 26 02:13:06 2019] Error : -262150(eNOTFOUND_BFM) in EduOM_DestroyObject.c:167
[PID=47083][Tue Mar 26 02:13:06 2019] Error : -262150(eNOTFOUND_BFM) in BfM_FreeTrain.c:80
[PID=47083][Tue Mar 26 02:13:06 2019] Error : -262150(eNOTFOUND_BFM) in EduOM_DestroyObject.c:167
[PID=47083][Tue Mar 26 02:13:06 2019] Error : -262150(eNOTFOUND_BFM) in BfM_FreeTrain.c:80
[PID=47083][Tue Mar 26 02:13:06 2019] Error : -262150(eNOTFOUND_BFM) in EduOM_DestroyObject.c:167
[PID=47083][Tue Mar 26 02:13:06 2019] Error : -262150(eNOTFOUND_BFM) in BfM_FreeTrain.c:80
[PID=47083][Tue Mar 26 02:13:06 2019] Error : -262150(eNOTFOUND_BFM) in EduOM_DestroyObject.c:167
[PID=47083][Tue Mar 26 02:13:06 2019] Error : -262150(eNOTFOUND_BFM) in BfM_FreeTrain.c:80
[PID=47083][Tue Mar 26 02:13:06 2019] Error : -262150(eNOTFOUND_BFM) in EduOM_DestroyObject.c:167
[PID=47083][Tue Mar 26 02:13:06 2019] Error : -262150(eNOTFOUND_BFM) in BfM_FreeTrain.c:80
[PID=47083][Tue Mar 26 02:13:06 2019] Error : -262150(eNOTFOUND_BFM) in EduOM_DestroyObject.c:167
[PID=47084][Tue Mar 26 02:13:11 2019] Error : -262150(eNOTFOUND_BFM) in BfM_FreeTrain.c:80
[PID=47084][Tue Mar 26 02:13:11 2019] Error : -262150(eNOTFOUND_BFM) in EduOM_DestroyObject.c:167
[PID=47084][Tue Mar 26 02:13:11 2019] Error : -262150(eNOTFOUND_BFM) in BfM_FreeTrain.c:80
[PID=47084][Tue Mar 26 02:13:11 2019] Error : -262150(eNOTFOUND_BFM) in EduOM_DestroyObject.c:167
[PID=47084][Tue Mar 26 02:13:11 2019] Error : -262150(eNOTFOUND_BFM) in BfM_FreeTrain.c:80
[PID=47084][Tue Mar 26 02:13:11 2019] Error : -262150(eNOTFOUND_BFM) in EduOM_DestroyObject.c:167
[PID=47084][Tue Mar 26 02:13:11 2019] Error : -262150(eNOTFOUND_BFM) in BfM_FreeTrain.c:80
[PID=47084][Tue Mar 26 02:13:11 2019] Error : -262150(eNOTFOUND_BFM) in EduOM_DestroyObject.c:167
[PID=47084][Tue Mar 26 02:13:11 2019] Error : -262150(eNOTFOUND_BFM) in BfM_FreeTrain.c:80
[PID=47084][Tue Mar 26 02:13:11 2019] Error : -262150(eNOTFOUND_BFM) in EduOM_DestroyObject.c:167
[PID=47084][Tue Mar 26 02:13:11 2019] Error : -262150(eNOTFOUND_BFM) in BfM_FreeTrain.c:80
[PID=47084][Tue Mar 26 02:13:11 2019] Error : -262150(eNOTFOUND_BFM) in EduOM_DestroyObject.c:167
[PID=47084][Tue Mar 26 02:13:11 2019] Error : -262150(eNOTFOUND_BFM) in BfM_FreeTrain.c:80
[PID=47084][Tue Mar 26 02:13:11 2019] Error : -262150(eNOTFOUND_BFM) in EduOM_DestroyObject.c:167
[PID=47084][Tue Mar 26 02:13:11 2019] Error : -262150(eNOTFOUND_BFM) in BfM_FreeTrain.c:80
[PID=47084][Tue Mar 26 02:13:11 2019] Error : -262150(eNOTFOUND_BFM) in EduOM_DestroyObject.c:167
[PID=47084][Tue Mar 26 02:13:11 2019] Error : -262150(eNOTFOUND_BFM) in BfM_FreeTrain.c:80
[PID=47084][Tue Mar 26 02:13:11 2019] Error : -262150(eNOTFOUND_BFM) in EduOM_DestroyObject.c:167
[PID=47084][Tue Mar 26 02:13:11 2019] Error : -262150(eNOTFOUND_BFM) in BfM_FreeTrain.c:80
[PID=47084][Tue Mar 26 02:13:11 2019] Error : -262150(eNOTFOUND_BFM) in EduOM_DestroyObject.c:167
[PID=47118][Tue Mar 26 02:13:29 2019] Error : -262150(eNOTFOUND_BFM) in BfM_FreeTrain.c:80
[PID=47118][Tue Mar 26 02:13:29 2019] Error : -262150(eNOTFOUND_BFM) in EduOM_DestroyObject.c:167
[PID=47118][Tue Mar 26 02:13:29 2019] Error : -262150(eNOTFOUND_BFM) in BfM_FreeTrain.c:80
[PID=47118][Tue Mar 26 02:13:29 2019] Error : -262150(eNOTFOUND_BFM) in EduOM_DestroyObject.c:167
[PID=47118][Tue Mar 26 02:13:29 2019] Error : -262150(eNOTFOUND_BFM) in BfM_FreeTrain.c:80
[PID=47118][Tue Mar 26 02:13:29 2019] Error : -262150(eNOTFOUND_BFM) in EduOM_DestroyObject.c:167
[PID=47118][Tue Mar 26 02:13:29 2019] Error : -262150(eNOTFOUND_BFM) in BfM_FreeTrain.c:80
[PID=47118][Tue Mar 26 02:13:29 2019] Error : -262150(eNOTFOUND_BFM) in EduOM_DestroyObject.c:167
[PID=47118][Tue Mar 26 02:13:29 2019] Error : -262150(eNOTFOUND_BFM) in BfM_FreeTrain.c:80
[PID=47118][Tue Mar 26 02:13:29 2019] Error : -262150(eNOTFOUND_BFM) in EduOM_DestroyObject.c:167
[PID=47118][Tue Mar 26 02:13:29 2019] Error : -262150(eNOTFOUND_BFM) in BfM_FreeTrain.c:80
[PID=47118][Tue Mar 26 02:13:29 2019] Error : -262150(eNOTFOUND_BFM) in EduOM_DestroyObject.c:167
[PID=47118][Tue Mar 26 02:13:29 2019] Error : -262150(eNOTFOUND_BFM) in BfM_FreeTrain.c:80
[PID=47118][Tue Mar 26 02:13:29 2019] Error : -262150(eNOTFOUND_BFM) in EduOM_DestroyObject.c:167
[PID=47118][Tue Mar 26 02:13:29 2019] Error : -262150(eNOTFOUND_BFM) in BfM_FreeTrain.c:80
[PID=47118][Tue Mar 26 02:13:29 2019] Error : -262150(eNOTFOUND_BFM) in EduOM_DestroyObject.c:167
[PID=47118][Tue Mar 26 02:13:29 2019] Error : -262150(eNOTFOUND_BFM) in BfM_FreeTrain.c:80
[PID=47118][Tue Mar 26 02:13:29 2019] Error : -262150(eNOTFOUND_BFM) in EduOM_DestroyObject.c:167
[PID=47118][Tue Mar 26 02:13:29 2019] Error : -262150(eNOTFOUND_BFM) in BfM_FreeTrain.c:80
[PID=47118][Tue Mar 26 02:13:29 2019] Error : -262150(eNOTFOUND_BFM) in EduOM_DestroyObject.c:167
[PID=47118][Tue Mar 26 02:13:33 2019] Error : -262150(eNOTFOUND_BFM) in BfM_FreeTrain.c:80
[PID=47118][Tue Mar 26 02:13:33 2019] Error : -262150(eNOTFOUND_BFM) in EduOM_DestroyObject.c:167
[PID=47118][Tue Mar 26 02:13:33 2019] Error : -262150(eNOTFOUND_BFM) in EduOM_Test.c:196
[PID=47118][Tue Mar 26 02:13:33 2019] Error : -589829(eNOLOGGEDTRANSACTION_RM) in RM_Transaction.c:311
[PID=47118][Tue Mar 26 02:13:33 2019] Error : -589829(eNOLOGGEDTRANSACTION_RM) in SM_Transaction.c:258
[PID=47118][Tue Mar 26 02:13:33 2019] Error : -589829(eNOLOGGEDTRANSACTION_RM) in SM_ThinLayer.c:761
[PID=47118][Tue Mar 26 02:13:33 2019] Error : -589829(eNOLOGGEDTRANSACTION_RM) in LRDS_Transaction.c:133
[PID=47118][Tue Mar 26 02:13:33 2019] Error : -65538(eBADPARAMETER) in Util_heap.c:298
[PID=47118][Tue Mar 26 02:13:33 2019] Error : -65538(eBADPARAMETER) in LRDS_CloseScan.c:107
[PID=47118][Tue Mar 26 02:13:33 2019] Error : -65538(eBADPARAMETER) in LRDS_Transaction.c:90
[PID=47118][Tue Mar 26 02:13:33 2019] Error : -65539(eBADVOLUMEID) in LRDS_Dismount.c:73
[PID=47120][Tue Mar 26 02:13:39 2019] Error : -262150(eNOTFOUND_BFM) in BfM_FreeTrain.c:80
[PID=47120][Tue Mar 26 02:13:39 2019] Error : -262150(eNOTFOUND_BFM) in EduOM_DestroyObject.c:167
[PID=47120][Tue Mar 26 02:13:39 2019] Error : -262150(eNOTFOUND_BFM) in BfM_FreeTrain.c:80
[PID=47120][Tue Mar 26 02:13:39 2019] Error : -262150(eNOTFOUND_BFM) in EduOM_DestroyObject.c:167
[PID=47120][Tue Mar 26 02:13:39 2019] Error : -262150(eNOTFOUND_BFM) in BfM_FreeTrain.c:80
[PID=47120][Tue Mar 26 02:13:39 2019] Error : -262150(eNOTFOUND_BFM) in EduOM_DestroyObject.c:167
[PID=47120][Tue Mar 26 02:13:39 2019] Error : -262150(eNOTFOUND_BFM) in BfM_FreeTrain.c:80
[PID=47120][Tue Mar 26 02:13:39 2019] Error : -262150(eNOTFOUND_BFM) in EduOM_DestroyObject.c:167
[PID=47120][Tue Mar 26 02:13:39 2019] Error : -262150(eNOTFOUND_BFM) in BfM_FreeTrain.c:80
[PID=47120][Tue Mar 26 02:13:39 2019] Error : -262150(eNOTFOUND_BFM) in EduOM_DestroyObject.c:167
[PID=47120][Tue Mar 26 02:13:39 2019] Error : -262150(eNOTFOUND_BFM) in BfM_FreeTrain.c:80
[PID=47120][Tue Mar 26 02:13:39 2019] Error : -262150(eNOTFOUND_BFM) in EduOM_DestroyObject.c:167
[PID=47120][Tue Mar 26 02:13:39 2019] Error : -262150(eNOTFOUND_BFM) in BfM_FreeTrain.c:80
[PID=47120][Tue Mar 26 02:13:39 2019] Error : -262150(eNOTFOUND_BFM) in EduOM_DestroyObject.c:167
[PID=47120][Tue Mar 26 02:13:39 2019] Error : -262150(eNOTFOUND_BFM) in BfM_FreeTrain.c:80
[PID=47120][Tue Mar 26 02:13:39 2019] Error : -262150(eNOTFOUND_BFM) in EduOM_DestroyObject.c:167
[PID=47120][Tue Mar 26 02:13:39 2019] Error : -262150(eNOTFOUND_BFM) in BfM_FreeTrain.c:80
[PID=47120][Tue Mar 26 02:13:39 2019] Error : -262150(eNOTFOUND_BFM) in EduOM_DestroyObject.c:167
[PID=47120][Tue Mar 26 02:13:39 2019] Error : -262150(eNOTFOUND_BFM) in BfM_FreeTrain.c:80
[PID=47120][Tue Mar 26 02:13:39 2019] Error : -262150(eNOTFOUND_BFM) in EduOM_DestroyObject.c:167
[PID=47156][Tue Mar 26 02:13:52 2019] Error : -262150(eNOTFOUND_BFM) in BfM_FreeTrain.c:80
[PID=47156][Tue Mar 26 02:13:52 2019] Error : -262150(eNOTFOUND_BFM) in EduOM_DestroyObject.c:167
[PID=47156][Tue Mar 26 02:13:52 2019] Error : -262150(eNOTFOUND_BFM) in BfM_FreeTrain.c:80
[PID=47156][Tue Mar 26 02:13:52 2019] Error : -262150(eNOTFOUND_BFM) in EduOM_DestroyObject.c:167
[PID=47156][Tue Mar 26 02:13:52 2019] Error : -262150(eNOTFOUND_BFM) in BfM_FreeTrain.c:80
[PID=47156][Tue Mar 26 02:13:52 2019] Error : -262150(eNOTFOUND_BFM) in EduOM_DestroyObject.c:167
[PID=47156][Tue Mar 26 02:13:52 2019] Error : -262150(eNOTFOUND_BFM) in BfM_FreeTrain.c:80
[PID=47156][Tue Mar 26 02:13:52 2019] Error : -262150(eNOTFOUND_BFM) in EduOM_DestroyObject.c:167
[PID=47156][Tue Mar 26 02:13:52 2019] Error : -262150(eNOTFOUND_BFM) in BfM_FreeTrain.c:80
[PID=47156][Tue Mar 26 02:13:52 2019] Error : -262150(eNOTFOUND_BFM) in EduOM_DestroyObject.c:167
[PID=47156][Tue Mar 26 02:13:52 2019] Error : -262150(eNOTFOUND_BFM) in BfM_FreeTrain.c:80
[PID=47156][Tue Mar 26 02:13:52 2019] Error : -262150(eNOTFOUND_BFM) in EduOM_DestroyObject.c:167
[PID=47156][Tue Mar 26 02:13:52 2019] Error : -262150(eNOTFOUND_BFM) in BfM_FreeTrain.c:80
[PID=47156][Tue Mar 26 02:13:52 2019] Error : -262150(eNOTFOUND_BFM) in EduOM_DestroyObject.c:167
[PID=47156][Tue Mar 26 02:13:52 2019] Error : -262150(eNOTFOUND_BFM) in BfM_FreeTrain.c:80
[PID=47156][Tue Mar 26 02:13:52 2019] Error : -262150(eNOTFOUND_BFM) in EduOM_DestroyObject.c:167
[PID=47156][Tue Mar 26 02:13:52 2019] Error : -262150(eNOTFOUND_BFM) in BfM_FreeTrain.c:80
[PID=47156][Tue Mar 26 02:13:52 2019] Error : -262150(eNOTFOUND_BFM) in EduOM_DestroyObject.c:167
[PID=47156][Tue Mar 26 02:13:52 2019] Error : -262150(eNOTFOUND_BFM) in BfM_FreeTrain.c:80
[PID=47156][Tue Mar 26 02:13:52 2019] Error : -262150(eNOTFOUND_BFM) in EduOM_DestroyObject.c:167
